running develop
running egg_info
creating simulator_bringup.egg-info
writing simulator_bringup.egg-info/PKG-INFO
writing dependency_links to simulator_bringup.egg-info/dependency_links.txt
writing entry points to simulator_bringup.egg-info/entry_points.txt
writing requirements to simulator_bringup.egg-info/requires.txt
writing top-level names to simulator_bringup.egg-info/top_level.txt
writing manifest file 'simulator_bringup.egg-info/SOURCES.txt'
reading manifest file 'simulator_bringup.egg-info/SOURCES.txt'
writing manifest file 'simulator_bringup.egg-info/SOURCES.txt'
running build_ext
Creating /home/starry1n/WUTA/WUTA-SIM/install/simulator_bringup/lib/python3.10/site-packages/simulator-bringup.egg-link (link to .)
Installing simulation_bridge script to /home/starry1n/WUTA/WUTA-SIM/install/simulator_bringup/lib/simulator_bringup

Installed /home/starry1n/WUTA/WUTA-SIM/build/simulator_bringup
running symlink_data
creating /home/starry1n/WUTA/WUTA-SIM/install/simulator_bringup/share/ament_index
creating /home/starry1n/WUTA/WUTA-SIM/install/simulator_bringup/share/ament_index/resource_index
creating /home/starry1n/WUTA/WUTA-SIM/install/simulator_bringup/share/ament_index/resource_index/packages
symbolically linking /home/starry1n/WUTA/WUTA-SIM/build/simulator_bringup/resource/simulator_bringup -> /home/starry1n/WUTA/WUTA-SIM/install/simulator_bringup/share/ament_index/resource_index/packages
symbolically linking /home/starry1n/WUTA/WUTA-SIM/build/simulator_bringup/package.xml -> /home/starry1n/WUTA/WUTA-SIM/install/simulator_bringup/share/simulator_bringup
creating /home/starry1n/WUTA/WUTA-SIM/install/simulator_bringup/share/simulator_bringup/launch
symbolically linking /home/starry1n/WUTA/WUTA-SIM/build/simulator_bringup/launch/simulator.launch.py -> /home/starry1n/WUTA/WUTA-SIM/install/simulator_bringup/share/simulator_bringup/launch
creating /home/starry1n/WUTA/WUTA-SIM/install/simulator_bringup/share/simulator_bringup/rviz
symbolically linking /home/starry1n/WUTA/WUTA-SIM/build/simulator_bringup/rviz/wuta_simulator.rviz -> /home/starry1n/WUTA/WUTA-SIM/install/simulator_bringup/share/simulator_bringup/rviz
