[0.983s] Invoking command in '/home/starry1n/WUTA/WUTA-SIM/build/simulator_bringup': AMENT_PREFIX_PATH=/home/starry1n/WUTA/WUTA-SIM/install/vehicle_model:/home/starry1n/WUTA/WUTA-SIM/install/lidar_sim:/home/starry1n/WUTA/WUTA-SIM/install/can_simulator:${AMENT_PREFIX_PATH} PYTHONPATH=/home/starry1n/WUTA/WUTA-SIM/build/simulator_bringup/prefix_override:/usr/lib/python3/dist-packages/colcon_core/task/python/colcon_distutils_commands:/home/starry1n/WUTA/WUTA-SIM/install/simulator_bringup/lib/python3.10/site-packages:/home/starry1n/WUTA/WUTA-SIM/build/vehicle_model:/home/starry1n/WUTA/WUTA-SIM/install/vehicle_model/lib/python3.10/site-packages:/home/starry1n/WUTA/WUTA-SIM/build/lidar_sim:/home/starry1n/WUTA/WUTA-SIM/install/lidar_sim/lib/python3.10/site-packages:/home/starry1n/WUTA/WUTA-SIM/build/can_simulator:/home/starry1n/WUTA/WUTA-SIM/install/can_simulator/lib/python3.10/site-packages:${PYTHONPATH} /usr/bin/python3 -W ignore:setup.py install is deprecated -W ignore:easy_install command is deprecated setup.py develop --editable --build-directory /home/starry1n/WUTA/WUTA-SIM/build/simulator_bringup/build --no-deps symlink_data
[1.244s] running develop
[1.384s] running egg_info
[1.384s] creating simulator_bringup.egg-info
[1.384s] writing simulator_bringup.egg-info/PKG-INFO
[1.385s] writing dependency_links to simulator_bringup.egg-info/dependency_links.txt
[1.385s] writing entry points to simulator_bringup.egg-info/entry_points.txt
[1.385s] writing requirements to simulator_bringup.egg-info/requires.txt
[1.385s] writing top-level names to simulator_bringup.egg-info/top_level.txt
[1.385s] writing manifest file 'simulator_bringup.egg-info/SOURCES.txt'
[1.387s] reading manifest file 'simulator_bringup.egg-info/SOURCES.txt'
[1.388s] writing manifest file 'simulator_bringup.egg-info/SOURCES.txt'
[1.390s] running build_ext
[1.390s] Creating /home/starry1n/WUTA/WUTA-SIM/install/simulator_bringup/lib/python3.10/site-packages/simulator-bringup.egg-link (link to .)
[1.391s] Installing simulation_bridge script to /home/starry1n/WUTA/WUTA-SIM/install/simulator_bringup/lib/simulator_bringup
[1.391s] 
[1.392s] Installed /home/starry1n/WUTA/WUTA-SIM/build/simulator_bringup
[1.392s] running symlink_data
[1.392s] creating /home/starry1n/WUTA/WUTA-SIM/install/simulator_bringup/share/ament_index
[1.392s] creating /home/starry1n/WUTA/WUTA-SIM/install/simulator_bringup/share/ament_index/resource_index
[1.392s] creating /home/starry1n/WUTA/WUTA-SIM/install/simulator_bringup/share/ament_index/resource_index/packages
[1.392s] symbolically linking /home/starry1n/WUTA/WUTA-SIM/build/simulator_bringup/resource/simulator_bringup -> /home/starry1n/WUTA/WUTA-SIM/install/simulator_bringup/share/ament_index/resource_index/packages
[1.392s] symbolically linking /home/starry1n/WUTA/WUTA-SIM/build/simulator_bringup/package.xml -> /home/starry1n/WUTA/WUTA-SIM/install/simulator_bringup/share/simulator_bringup
[1.392s] creating /home/starry1n/WUTA/WUTA-SIM/install/simulator_bringup/share/simulator_bringup/launch
[1.392s] symbolically linking /home/starry1n/WUTA/WUTA-SIM/build/simulator_bringup/launch/simulator.launch.py -> /home/starry1n/WUTA/WUTA-SIM/install/simulator_bringup/share/simulator_bringup/launch
[1.392s] creating /home/starry1n/WUTA/WUTA-SIM/install/simulator_bringup/share/simulator_bringup/rviz
[1.392s] symbolically linking /home/starry1n/WUTA/WUTA-SIM/build/simulator_bringup/rviz/wuta_simulator.rviz -> /home/starry1n/WUTA/WUTA-SIM/install/simulator_bringup/share/simulator_bringup/rviz
[1.428s] Invoked command in '/home/starry1n/WUTA/WUTA-SIM/build/simulator_bringup' returned '0': AMENT_PREFIX_PATH=/home/starry1n/WUTA/WUTA-SIM/install/vehicle_model:/home/starry1n/WUTA/WUTA-SIM/install/lidar_sim:/home/starry1n/WUTA/WUTA-SIM/install/can_simulator:${AMENT_PREFIX_PATH} PYTHONPATH=/home/starry1n/WUTA/WUTA-SIM/build/simulator_bringup/prefix_override:/usr/lib/python3/dist-packages/colcon_core/task/python/colcon_distutils_commands:/home/starry1n/WUTA/WUTA-SIM/install/simulator_bringup/lib/python3.10/site-packages:/home/starry1n/WUTA/WUTA-SIM/build/vehicle_model:/home/starry1n/WUTA/WUTA-SIM/install/vehicle_model/lib/python3.10/site-packages:/home/starry1n/WUTA/WUTA-SIM/build/lidar_sim:/home/starry1n/WUTA/WUTA-SIM/install/lidar_sim/lib/python3.10/site-packages:/home/starry1n/WUTA/WUTA-SIM/build/can_simulator:/home/starry1n/WUTA/WUTA-SIM/install/can_simulator/lib/python3.10/site-packages:${PYTHONPATH} /usr/bin/python3 -W ignore:setup.py install is deprecated -W ignore:easy_install command is deprecated setup.py develop --editable --build-directory /home/starry1n/WUTA/WUTA-SIM/build/simulator_bringup/build --no-deps symlink_data
