running develop
running egg_info
creating lidar_sim.egg-info
writing lidar_sim.egg-info/PKG-INFO
writing dependency_links to lidar_sim.egg-info/dependency_links.txt
writing entry points to lidar_sim.egg-info/entry_points.txt
writing requirements to lidar_sim.egg-info/requires.txt
writing top-level names to lidar_sim.egg-info/top_level.txt
writing manifest file 'lidar_sim.egg-info/SOURCES.txt'
reading manifest file 'lidar_sim.egg-info/SOURCES.txt'
writing manifest file 'lidar_sim.egg-info/SOURCES.txt'
running build_ext
Creating /home/starry1n/WUTA/WUTA-SIM/install/lidar_sim/lib/python3.10/site-packages/lidar-sim.egg-link (link to .)
Installing lidar_simulator_demo script to /home/starry1n/WUTA/WUTA-SIM/install/lidar_sim/lib/lidar_sim
Installing lidar_simulator_node script to /home/starry1n/WUTA/WUTA-SIM/install/lidar_sim/lib/lidar_sim

Installed /home/starry1n/WUTA/WUTA-SIM/build/lidar_sim
running symlink_data
creating /home/starry1n/WUTA/WUTA-SIM/install/lidar_sim/share/ament_index
creating /home/starry1n/WUTA/WUTA-SIM/install/lidar_sim/share/ament_index/resource_index
creating /home/starry1n/WUTA/WUTA-SIM/install/lidar_sim/share/ament_index/resource_index/packages
symbolically linking /home/starry1n/WUTA/WUTA-SIM/build/lidar_sim/resource/lidar_sim -> /home/starry1n/WUTA/WUTA-SIM/install/lidar_sim/share/ament_index/resource_index/packages
symbolically linking /home/starry1n/WUTA/WUTA-SIM/build/lidar_sim/package.xml -> /home/starry1n/WUTA/WUTA-SIM/install/lidar_sim/share/lidar_sim
creating /home/starry1n/WUTA/WUTA-SIM/install/lidar_sim/share/lidar_sim/config
symbolically linking /home/starry1n/WUTA/WUTA-SIM/build/lidar_sim/config/lidar_simulator.yaml -> /home/starry1n/WUTA/WUTA-SIM/install/lidar_sim/share/lidar_sim/config
creating /home/starry1n/WUTA/WUTA-SIM/install/lidar_sim/share/lidar_sim/launch
symbolically linking /home/starry1n/WUTA/WUTA-SIM/build/lidar_sim/launch/lidar_simulator.launch.py -> /home/starry1n/WUTA/WUTA-SIM/install/lidar_sim/share/lidar_sim/launch
creating /home/starry1n/WUTA/WUTA-SIM/install/lidar_sim/share/lidar_sim/tracks
symbolically linking /home/starry1n/WUTA/WUTA-SIM/build/lidar_sim/tracks/skidpad.yaml -> /home/starry1n/WUTA/WUTA-SIM/install/lidar_sim/share/lidar_sim/tracks
symbolically linking /home/starry1n/WUTA/WUTA-SIM/build/lidar_sim/tracks/acceleration.yaml -> /home/starry1n/WUTA/WUTA-SIM/install/lidar_sim/share/lidar_sim/tracks
symbolically linking /home/starry1n/WUTA/WUTA-SIM/build/lidar_sim/tracks/trackdrive.yaml -> /home/starry1n/WUTA/WUTA-SIM/install/lidar_sim/share/lidar_sim/tracks
