[1.576s] Invoking command in '/home/starry1n/WUTA/WUTA-SIM/build/lidar_sim': PYTHONPATH=/home/starry1n/WUTA/WUTA-SIM/build/lidar_sim/prefix_override:/usr/lib/python3/dist-packages/colcon_core/task/python/colcon_distutils_commands:/home/starry1n/WUTA/WUTA-SIM/install/lidar_sim/lib/python3.10/site-packages:${PYTHONPATH} /usr/bin/python3 -W ignore:setup.py install is deprecated -W ignore:easy_install command is deprecated setup.py develop --editable --build-directory /home/starry1n/WUTA/WUTA-SIM/build/lidar_sim/build --no-deps symlink_data
[1.853s] running develop
[1.979s] running egg_info
[1.979s] creating lidar_sim.egg-info
[1.979s] writing lidar_sim.egg-info/PKG-INFO
[1.979s] writing dependency_links to lidar_sim.egg-info/dependency_links.txt
[1.980s] writing entry points to lidar_sim.egg-info/entry_points.txt
[1.980s] writing requirements to lidar_sim.egg-info/requires.txt
[1.980s] writing top-level names to lidar_sim.egg-info/top_level.txt
[1.980s] writing manifest file 'lidar_sim.egg-info/SOURCES.txt'
[1.984s] reading manifest file 'lidar_sim.egg-info/SOURCES.txt'
[1.984s] writing manifest file 'lidar_sim.egg-info/SOURCES.txt'
[1.986s] running build_ext
[1.986s] Creating /home/starry1n/WUTA/WUTA-SIM/install/lidar_sim/lib/python3.10/site-packages/lidar-sim.egg-link (link to .)
[1.988s] Installing lidar_simulator_demo script to /home/starry1n/WUTA/WUTA-SIM/install/lidar_sim/lib/lidar_sim
[1.989s] Installing lidar_simulator_node script to /home/starry1n/WUTA/WUTA-SIM/install/lidar_sim/lib/lidar_sim
[1.989s] 
[1.990s] Installed /home/starry1n/WUTA/WUTA-SIM/build/lidar_sim
[1.990s] running symlink_data
[1.990s] creating /home/starry1n/WUTA/WUTA-SIM/install/lidar_sim/share/ament_index
[1.990s] creating /home/starry1n/WUTA/WUTA-SIM/install/lidar_sim/share/ament_index/resource_index
[1.991s] creating /home/starry1n/WUTA/WUTA-SIM/install/lidar_sim/share/ament_index/resource_index/packages
[1.991s] symbolically linking /home/starry1n/WUTA/WUTA-SIM/build/lidar_sim/resource/lidar_sim -> /home/starry1n/WUTA/WUTA-SIM/install/lidar_sim/share/ament_index/resource_index/packages
[1.991s] symbolically linking /home/starry1n/WUTA/WUTA-SIM/build/lidar_sim/package.xml -> /home/starry1n/WUTA/WUTA-SIM/install/lidar_sim/share/lidar_sim
[1.991s] creating /home/starry1n/WUTA/WUTA-SIM/install/lidar_sim/share/lidar_sim/config
[1.991s] symbolically linking /home/starry1n/WUTA/WUTA-SIM/build/lidar_sim/config/lidar_simulator.yaml -> /home/starry1n/WUTA/WUTA-SIM/install/lidar_sim/share/lidar_sim/config
[1.991s] creating /home/starry1n/WUTA/WUTA-SIM/install/lidar_sim/share/lidar_sim/launch
[1.991s] symbolically linking /home/starry1n/WUTA/WUTA-SIM/build/lidar_sim/launch/lidar_simulator.launch.py -> /home/starry1n/WUTA/WUTA-SIM/install/lidar_sim/share/lidar_sim/launch
[1.991s] creating /home/starry1n/WUTA/WUTA-SIM/install/lidar_sim/share/lidar_sim/tracks
[1.991s] symbolically linking /home/starry1n/WUTA/WUTA-SIM/build/lidar_sim/tracks/skidpad.yaml -> /home/starry1n/WUTA/WUTA-SIM/install/lidar_sim/share/lidar_sim/tracks
[1.991s] symbolically linking /home/starry1n/WUTA/WUTA-SIM/build/lidar_sim/tracks/acceleration.yaml -> /home/starry1n/WUTA/WUTA-SIM/install/lidar_sim/share/lidar_sim/tracks
[1.992s] symbolically linking /home/starry1n/WUTA/WUTA-SIM/build/lidar_sim/tracks/trackdrive.yaml -> /home/starry1n/WUTA/WUTA-SIM/install/lidar_sim/share/lidar_sim/tracks
[2.043s] Invoked command in '/home/starry1n/WUTA/WUTA-SIM/build/lidar_sim' returned '0': PYTHONPATH=/home/starry1n/WUTA/WUTA-SIM/build/lidar_sim/prefix_override:/usr/lib/python3/dist-packages/colcon_core/task/python/colcon_distutils_commands:/home/starry1n/WUTA/WUTA-SIM/install/lidar_sim/lib/python3.10/site-packages:${PYTHONPATH} /usr/bin/python3 -W ignore:setup.py install is deprecated -W ignore:easy_install command is deprecated setup.py develop --editable --build-directory /home/starry1n/WUTA/WUTA-SIM/build/lidar_sim/build --no-deps symlink_data
