[0.532s] Invoking command in '/home/starry1n/WUTA/WUTA-SIM/simulator_bringup/build/simulator_bringup': PYTHONPATH=/home/starry1n/WUTA/WUTA-SIM/simulator_bringup/build/simulator_bringup/prefix_override:/usr/lib/python3/dist-packages/colcon_core/task/python/colcon_distutils_commands:/home/starry1n/WUTA/WUTA-SIM/simulator_bringup/install/simulator_bringup/lib/python3.10/site-packages:${PYTHONPATH} /usr/bin/python3 -W ignore:setup.py install is deprecated -W ignore:easy_install command is deprecated setup.py develop --editable --build-directory /home/starry1n/WUTA/WUTA-SIM/simulator_bringup/build/simulator_bringup/build --no-deps symlink_data
[0.699s] running develop
[0.781s] running egg_info
[0.782s] creating simulator_bringup.egg-info
[0.782s] writing simulator_bringup.egg-info/PKG-INFO
[0.782s] writing dependency_links to simulator_bringup.egg-info/dependency_links.txt
[0.782s] writing entry points to simulator_bringup.egg-info/entry_points.txt
[0.783s] writing requirements to simulator_bringup.egg-info/requires.txt
[0.783s] writing top-level names to simulator_bringup.egg-info/top_level.txt
[0.783s] writing manifest file 'simulator_bringup.egg-info/SOURCES.txt'
[0.784s] reading manifest file 'simulator_bringup.egg-info/SOURCES.txt'
[0.784s] writing manifest file 'simulator_bringup.egg-info/SOURCES.txt'
[0.785s] running build_ext
[0.785s] Creating /home/starry1n/WUTA/WUTA-SIM/simulator_bringup/install/simulator_bringup/lib/python3.10/site-packages/simulator-bringup.egg-link (link to .)
[0.786s] Installing simulation_bridge script to /home/starry1n/WUTA/WUTA-SIM/simulator_bringup/install/simulator_bringup/lib/simulator_bringup
[0.786s] 
[0.786s] Installed /home/starry1n/WUTA/WUTA-SIM/simulator_bringup/build/simulator_bringup
[0.787s] running symlink_data
[0.787s] creating /home/starry1n/WUTA/WUTA-SIM/simulator_bringup/install/simulator_bringup/share/ament_index
[0.787s] creating /home/starry1n/WUTA/WUTA-SIM/simulator_bringup/install/simulator_bringup/share/ament_index/resource_index
[0.787s] creating /home/starry1n/WUTA/WUTA-SIM/simulator_bringup/install/simulator_bringup/share/ament_index/resource_index/packages
[0.787s] symbolically linking /home/starry1n/WUTA/WUTA-SIM/simulator_bringup/build/simulator_bringup/resource/simulator_bringup -> /home/starry1n/WUTA/WUTA-SIM/simulator_bringup/install/simulator_bringup/share/ament_index/resource_index/packages
[0.787s] symbolically linking /home/starry1n/WUTA/WUTA-SIM/simulator_bringup/build/simulator_bringup/package.xml -> /home/starry1n/WUTA/WUTA-SIM/simulator_bringup/install/simulator_bringup/share/simulator_bringup
[0.787s] creating /home/starry1n/WUTA/WUTA-SIM/simulator_bringup/install/simulator_bringup/share/simulator_bringup/launch
[0.787s] symbolically linking /home/starry1n/WUTA/WUTA-SIM/simulator_bringup/build/simulator_bringup/launch/simulator.launch.py -> /home/starry1n/WUTA/WUTA-SIM/simulator_bringup/install/simulator_bringup/share/simulator_bringup/launch
[0.787s] creating /home/starry1n/WUTA/WUTA-SIM/simulator_bringup/install/simulator_bringup/share/simulator_bringup/rviz
[0.787s] symbolically linking /home/starry1n/WUTA/WUTA-SIM/simulator_bringup/build/simulator_bringup/rviz/wuta_simulator.rviz -> /home/starry1n/WUTA/WUTA-SIM/simulator_bringup/install/simulator_bringup/share/simulator_bringup/rviz
[0.805s] Invoked command in '/home/starry1n/WUTA/WUTA-SIM/simulator_bringup/build/simulator_bringup' returned '0': PYTHONPATH=/home/starry1n/WUTA/WUTA-SIM/simulator_bringup/build/simulator_bringup/prefix_override:/usr/lib/python3/dist-packages/colcon_core/task/python/colcon_distutils_commands:/home/starry1n/WUTA/WUTA-SIM/simulator_bringup/install/simulator_bringup/lib/python3.10/site-packages:${PYTHONPATH} /usr/bin/python3 -W ignore:setup.py install is deprecated -W ignore:easy_install command is deprecated setup.py develop --editable --build-directory /home/starry1n/WUTA/WUTA-SIM/simulator_bringup/build/simulator_bringup/build --no-deps symlink_data
