running develop
running egg_info
creating vehicle_model.egg-info
writing vehicle_model.egg-info/PKG-INFO
writing dependency_links to vehicle_model.egg-info/dependency_links.txt
writing entry points to vehicle_model.egg-info/entry_points.txt
writing requirements to vehicle_model.egg-info/requires.txt
writing top-level names to vehicle_model.egg-info/top_level.txt
writing manifest file 'vehicle_model.egg-info/SOURCES.txt'
reading manifest file 'vehicle_model.egg-info/SOURCES.txt'
writing manifest file 'vehicle_model.egg-info/SOURCES.txt'
running build_ext
Creating /home/starry1n/WUTA/WUTA-SIM/install/vehicle_model/lib/python3.10/site-packages/vehicle-model.egg-link (link to .)
Installing vehicle_model script to /home/starry1n/WUTA/WUTA-SIM/install/vehicle_model/lib/vehicle_model

Installed /home/starry1n/WUTA/WUTA-SIM/build/vehicle_model
running symlink_data
creating /home/starry1n/WUTA/WUTA-SIM/install/vehicle_model/share/ament_index
creating /home/starry1n/WUTA/WUTA-SIM/install/vehicle_model/share/ament_index/resource_index
creating /home/starry1n/WUTA/WUTA-SIM/install/vehicle_model/share/ament_index/resource_index/packages
symbolically linking /home/starry1n/WUTA/WUTA-SIM/build/vehicle_model/resource/vehicle_model -> /home/starry1n/WUTA/WUTA-SIM/install/vehicle_model/share/ament_index/resource_index/packages
symbolically linking /home/starry1n/WUTA/WUTA-SIM/build/vehicle_model/package.xml -> /home/starry1n/WUTA/WUTA-SIM/install/vehicle_model/share/vehicle_model
creating /home/starry1n/WUTA/WUTA-SIM/install/vehicle_model/share/vehicle_model/launch
symbolically linking /home/starry1n/WUTA/WUTA-SIM/build/vehicle_model/launch/vehicle_model.launch.py -> /home/starry1n/WUTA/WUTA-SIM/install/vehicle_model/share/vehicle_model/launch
