[1.558s] Invoking command in '/home/starry1n/WUTA/WUTA-SIM/build/vehicle_model': PYTHONPATH=/home/starry1n/WUTA/WUTA-SIM/build/vehicle_model/prefix_override:/usr/lib/python3/dist-packages/colcon_core/task/python/colcon_distutils_commands:/home/starry1n/WUTA/WUTA-SIM/install/vehicle_model/lib/python3.10/site-packages:${PYTHONPATH} /usr/bin/python3 -W ignore:setup.py install is deprecated -W ignore:easy_install command is deprecated setup.py develop --editable --build-directory /home/starry1n/WUTA/WUTA-SIM/build/vehicle_model/build --no-deps symlink_data
[1.836s] running develop
[1.966s] running egg_info
[1.966s] creating vehicle_model.egg-info
[1.967s] writing vehicle_model.egg-info/PKG-INFO
[1.967s] writing dependency_links to vehicle_model.egg-info/dependency_links.txt
[1.967s] writing entry points to vehicle_model.egg-info/entry_points.txt
[1.967s] writing requirements to vehicle_model.egg-info/requires.txt
[1.967s] writing top-level names to vehicle_model.egg-info/top_level.txt
[1.967s] writing manifest file 'vehicle_model.egg-info/SOURCES.txt'
[1.969s] reading manifest file 'vehicle_model.egg-info/SOURCES.txt'
[1.970s] writing manifest file 'vehicle_model.egg-info/SOURCES.txt'
[1.972s] running build_ext
[1.972s] Creating /home/starry1n/WUTA/WUTA-SIM/install/vehicle_model/lib/python3.10/site-packages/vehicle-model.egg-link (link to .)
[1.973s] Installing vehicle_model script to /home/starry1n/WUTA/WUTA-SIM/install/vehicle_model/lib/vehicle_model
[1.973s] 
[1.973s] Installed /home/starry1n/WUTA/WUTA-SIM/build/vehicle_model
[1.974s] running symlink_data
[1.974s] creating /home/starry1n/WUTA/WUTA-SIM/install/vehicle_model/share/ament_index
[1.974s] creating /home/starry1n/WUTA/WUTA-SIM/install/vehicle_model/share/ament_index/resource_index
[1.974s] creating /home/starry1n/WUTA/WUTA-SIM/install/vehicle_model/share/ament_index/resource_index/packages
[1.974s] symbolically linking /home/starry1n/WUTA/WUTA-SIM/build/vehicle_model/resource/vehicle_model -> /home/starry1n/WUTA/WUTA-SIM/install/vehicle_model/share/ament_index/resource_index/packages
[1.975s] symbolically linking /home/starry1n/WUTA/WUTA-SIM/build/vehicle_model/package.xml -> /home/starry1n/WUTA/WUTA-SIM/install/vehicle_model/share/vehicle_model
[1.975s] creating /home/starry1n/WUTA/WUTA-SIM/install/vehicle_model/share/vehicle_model/launch
[1.975s] symbolically linking /home/starry1n/WUTA/WUTA-SIM/build/vehicle_model/launch/vehicle_model.launch.py -> /home/starry1n/WUTA/WUTA-SIM/install/vehicle_model/share/vehicle_model/launch
[2.022s] Invoked command in '/home/starry1n/WUTA/WUTA-SIM/build/vehicle_model' returned '0': PYTHONPATH=/home/starry1n/WUTA/WUTA-SIM/build/vehicle_model/prefix_override:/usr/lib/python3/dist-packages/colcon_core/task/python/colcon_distutils_commands:/home/starry1n/WUTA/WUTA-SIM/install/vehicle_model/lib/python3.10/site-packages:${PYTHONPATH} /usr/bin/python3 -W ignore:setup.py install is deprecated -W ignore:easy_install command is deprecated setup.py develop --editable --build-directory /home/starry1n/WUTA/WUTA-SIM/build/vehicle_model/build --no-deps symlink_data
